<?xml version="1.0" encoding="UTF-8"?>
<testng-results skipped="0" failed="0" ignored="0" total="1" passed="1">
  <reporter-output>
  </reporter-output>
  <suite name="Default suite" duration-ms="85" started-at="2020-01-28T00:46:58Z" finished-at="2020-01-28T00:46:58Z">
    <groups>
    </groups>
    <test name="Default test" duration-ms="85" started-at="2020-01-28T00:46:58Z" finished-at="2020-01-28T00:46:58Z">
      <class name="Calculator.Flexon.AppTest">
        <test-method status="PASS" signature="testSum()[pri:0, instance:Calculator.Flexon.AppTest@6a024a67]" name="testSum" duration-ms="37" started-at="2020-01-28T00:46:58Z" finished-at="2020-01-28T00:46:58Z">
          <reporter-output>
          </reporter-output>
        </test-method> <!-- testSum -->
      </class> <!-- Calculator.Flexon.AppTest -->
    </test> <!-- Default test -->
  </suite> <!-- Default suite -->
</testng-results>
